2026-02-19 13:12:55,671 - INFO - Starting batch: 5 cities
2026-02-19 13:12:55,676 - ERROR - Failed to fetch weather for Brisbane, AU
2026-02-19 13:12:57,679 - ERROR - Failed to fetch weather for Sydney, AU
2026-02-19 13:12:59,686 - ERROR - Failed to fetch weather for Melbourne, AU
2026-02-19 13:13:01,692 - ERROR - Failed to fetch weather for Perth, AU
2026-02-19 13:13:03,699 - ERROR - Failed to fetch weather for Adelaide, AU
2026-02-19 13:13:05,704 - INFO - Batch complete: 0 successful, 5 failed, duration: 10.03 seconds
2026-02-19 13:13:05,709 - WARNING - Could not log to database: HTTPConnectionPool(host='localhost', port=8000): Max retries exceeded with url: /batch/log?batch_start=2026-02-19T13%3A12%3A55.671919&batch_end=2026-02-19T13%3A13%3A05.704810&cities_attempted=5&cities_successful=0&cities_failed=5&duration_seconds=10.032891&error_message=Failed+to+fetch+Brisbane%2C+AU%3B+Failed+to+fetch+Sydney%2C+AU%3B+Failed+to+fetch+Melbourne%2C+AU%3B+Failed+to+fetch+Perth%2C+AU%3B+Failed+to+fetch+Adelaide%2C+AU (Caused by NewConnectionError("HTTPConnection(host='localhost', port=8000): Failed to establish a new connection: [Errno 61] Connection refused"))
2026-02-19 13:13:34,319 - INFO - Starting batch: 5 cities
2026-02-19 13:13:34,323 - ERROR - Failed to fetch weather for Brisbane, AU
2026-02-19 13:13:36,330 - ERROR - Failed to fetch weather for Sydney, AU
2026-02-19 13:13:38,339 - ERROR - Failed to fetch weather for Melbourne, AU
2026-02-19 13:13:40,346 - ERROR - Failed to fetch weather for Perth, AU
2026-02-19 13:13:42,353 - ERROR - Failed to fetch weather for Adelaide, AU
2026-02-19 13:13:44,355 - INFO - Batch complete: 0 successful, 5 failed, duration: 10.04 seconds
2026-02-19 13:13:44,357 - WARNING - Could not log to database: HTTPConnectionPool(host='localhost', port=8000): Max retries exceeded with url: /batch/log?batch_start=2026-02-19T13%3A13%3A34.319172&batch_end=2026-02-19T13%3A13%3A44.355137&cities_attempted=5&cities_successful=0&cities_failed=5&duration_seconds=10.035965&error_message=Failed+to+fetch+Brisbane%2C+AU%3B+Failed+to+fetch+Sydney%2C+AU%3B+Failed+to+fetch+Melbourne%2C+AU%3B+Failed+to+fetch+Perth%2C+AU%3B+Failed+to+fetch+Adelaide%2C+AU (Caused by NewConnectionError("HTTPConnection(host='localhost', port=8000): Failed to establish a new connection: [Errno 61] Connection refused"))
2026-02-19 13:14:04,626 - INFO - Starting batch: 5 cities
2026-02-19 13:14:05,451 - INFO - Successfully fetched weather for Brisbane, AU
2026-02-19 13:14:08,412 - INFO - Successfully fetched weather for Sydney, AU
2026-02-19 13:14:11,120 - INFO - Successfully fetched weather for Melbourne, AU
2026-02-19 13:14:13,847 - INFO - Successfully fetched weather for Perth, AU
2026-02-19 13:14:16,802 - INFO - Successfully fetched weather for Adelaide, AU
2026-02-19 13:14:18,807 - INFO - Batch complete: 5 successful, 0 failed, duration: 14.18 seconds
2026-02-19 13:14:18,814 - INFO - Batch logged to database successfully
2026-02-19 13:16:17,054 - INFO - Starting batch: 5 cities
2026-02-19 13:16:17,944 - ERROR - Failed to fetch weather for Brisbane, AU
2026-02-19 13:16:20,614 - ERROR - Failed to fetch weather for Sydney, AU
2026-02-19 13:16:23,471 - ERROR - Failed to fetch weather for Melbourne, AU
2026-02-19 13:16:26,333 - ERROR - Failed to fetch weather for Perth, AU
2026-02-19 13:16:29,025 - ERROR - Failed to fetch weather for Adelaide, AU
2026-02-19 13:16:31,030 - INFO - Batch complete: 0 successful, 5 failed, duration: 13.98 seconds
2026-02-19 13:16:31,049 - INFO - Batch logged to database successfully
2026-02-19 13:17:34,878 - INFO - Starting batch: 5 cities
2026-02-19 13:17:35,581 - INFO - Successfully fetched weather for Brisbane, AU
2026-02-19 13:17:38,427 - INFO - Successfully fetched weather for Sydney, AU
2026-02-19 13:17:41,304 - INFO - Successfully fetched weather for Melbourne, AU
2026-02-19 13:17:44,160 - INFO - Successfully fetched weather for Perth, AU
2026-02-19 13:17:46,950 - INFO - Successfully fetched weather for Adelaide, AU
2026-02-19 13:17:48,955 - INFO - Batch complete: 5 successful, 0 failed, duration: 14.08 seconds
2026-02-19 13:17:48,961 - INFO - Batch logged to database successfully
